2024-06-23 16:28:55.573 [pool-3-thread-1] INFO  com.rs.mv.mvvs.client.catalog.from.scan.CurrentPathScanner - [client:400205]scan file in current open file directory(C:/wamp64/www/attendance managemnt/dashboard)
2024-06-23 16:29:55.301 [pool-3-thread-1] INFO  com.rs.mv.mvvs.client.catalog.from.scan.CurrentPathScanner - [client:400205]scan file in current open file directory(C:/wamp64/www/attendance managemnt/dashboard)
2024-06-23 16:29:56.682 [pool-3-thread-1] INFO  com.rs.mv.mvvs.client.catalog.from.scan.CurrentPathScanner - [client:400205]scan file in current open file directory(C:/wamp64/www/attendance managemnt/dashboard)
2024-06-23 16:32:47.409 [pool-3-thread-1] INFO  com.rs.mv.mvvs.client.catalog.from.scan.CurrentPathScanner - [client:400205]scan file in current open file directory(C:/wamp64/www/attendance managemnt)
2024-06-23 16:59:12.238 [pool-3-thread-1] INFO  com.rs.mv.mvvs.client.catalog.from.scan.CurrentPathScanner - [client:400205]scan file in current open file directory(C:/wamp64/www/attendance managemnt/chechIn/checkOut/QnA)
2024-06-23 16:59:24.032 [pool-3-thread-1] INFO  com.rs.mv.mvvs.client.catalog.from.scan.CurrentPathScanner - [client:400205]scan file in current open file directory(C:/wamp64/www/attendance managemnt/chechIn/checkOut/QnA)
2024-06-23 17:02:22.158 [pool-3-thread-1] INFO  com.rs.mv.mvvs.client.catalog.from.scan.CurrentPathScanner - [client:400205]scan file in current open file directory(C:/wamp64/www/attendance managemnt/chechIn/checkOut/QnA)
2024-06-23 17:20:36.447 [pool-3-thread-1] INFO  com.rs.mv.mvvs.client.catalog.from.scan.CurrentPathScanner - [client:400205]scan file in current open file directory(C:/wamp64/www/attendance managemnt)
2024-06-23 17:20:49.454 [pool-3-thread-1] INFO  com.rs.mv.mvvs.client.catalog.from.scan.CurrentPathScanner - [client:400205]scan file in current open file directory(C:/wamp64/www/attendance managemnt)
2024-06-23 17:21:13.802 [pool-3-thread-1] INFO  com.rs.mv.mvvs.client.catalog.from.scan.CurrentPathScanner - [client:400205]scan file in current open file directory(C:/wamp64/www/attendance managemnt/dashboard)
2024-06-23 17:21:18.677 [pool-3-thread-1] INFO  com.rs.mv.mvvs.client.catalog.from.scan.CurrentPathScanner - [client:400205]scan file in current open file directory(C:/wamp64/www/attendance managemnt/dashboard/search)
2024-06-23 17:22:08.221 [pool-3-thread-1] INFO  com.rs.mv.mvvs.client.catalog.from.scan.CurrentPathScanner - [client:400205]scan file in current open file directory(C:/wamp64/www/attendance managemnt)
2024-06-23 17:22:09.727 [pool-3-thread-1] INFO  com.rs.mv.mvvs.client.catalog.from.scan.CurrentPathScanner - [client:400205]scan file in current open file directory(C:/wamp64/www/attendance managemnt)
2024-06-23 17:25:11.657 [pool-3-thread-1] INFO  com.rs.mv.mvvs.client.catalog.from.scan.CurrentPathScanner - [client:400205]scan file in current open file directory(C:/wamp64/www/attendance managemnt)
2024-06-23 17:38:40.540 [pool-3-thread-1] INFO  com.rs.mv.mvvs.client.catalog.from.scan.CurrentPathScanner - [client:400205]scan file in current open file directory(C:/wamp64/www/attendance managemnt)
2024-06-23 17:38:45.069 [pool-3-thread-1] INFO  com.rs.mv.mvvs.client.catalog.from.scan.CurrentPathScanner - [client:400205]scan file in current open file directory(C:/wamp64/www/attendance managemnt/dashboard/search)
2024-06-23 17:38:48.020 [pool-3-thread-1] INFO  com.rs.mv.mvvs.client.catalog.from.scan.CurrentPathScanner - [client:400205]scan file in current open file directory(C:/wamp64/www/attendance managemnt/dashboard)
2024-06-23 17:40:13.527 [pool-3-thread-1] INFO  com.rs.mv.mvvs.client.catalog.from.scan.CurrentPathScanner - [client:400205]scan file in current open file directory(C:/wamp64/www/attendance managemnt)
2024-06-23 17:40:15.348 [pool-3-thread-1] INFO  com.rs.mv.mvvs.client.catalog.from.scan.CurrentPathScanner - [client:400205]scan file in current open file directory(C:/wamp64/www/attendance managemnt)
2024-06-23 17:40:23.628 [pool-3-thread-1] INFO  com.rs.mv.mvvs.client.catalog.from.scan.CurrentPathScanner - [client:400205]scan file in current open file directory(C:/wamp64/www/attendance managemnt/dashboard/search)
2024-06-23 17:40:26.401 [pool-3-thread-1] INFO  com.rs.mv.mvvs.client.catalog.from.scan.CurrentPathScanner - [client:400205]scan file in current open file directory(C:/wamp64/www/attendance managemnt/dashboard/search)
2024-06-23 17:40:31.152 [pool-3-thread-1] INFO  com.rs.mv.mvvs.client.catalog.from.scan.CurrentPathScanner - [client:400205]scan file in current open file directory(C:/wamp64/www/attendance managemnt/dashboard)
2024-06-23 17:43:59.009 [pool-3-thread-1] INFO  com.rs.mv.mvvs.client.catalog.from.scan.CurrentPathScanner - [client:400205]scan file in current open file directory(C:/wamp64/www/attendance managemnt/dashboard/search)
2024-06-23 17:44:14.341 [pool-3-thread-1] INFO  com.rs.mv.mvvs.client.catalog.from.scan.CurrentPathScanner - [client:400205]scan file in current open file directory(C:/wamp64/www/attendance managemnt/dashboard/search)
2024-06-23 17:44:16.008 [pool-3-thread-1] INFO  com.rs.mv.mvvs.client.catalog.from.scan.CurrentPathScanner - [client:400205]scan file in current open file directory(C:/wamp64/www/attendance managemnt/dashboard/search)
2024-06-23 17:44:20.318 [pool-3-thread-1] INFO  com.rs.mv.mvvs.client.catalog.from.scan.CurrentPathScanner - [client:400205]scan file in current open file directory(C:/wamp64/www/attendance managemnt/dashboard/search)
2024-06-23 17:44:21.245 [pool-3-thread-1] INFO  com.rs.mv.mvvs.client.catalog.from.scan.CurrentPathScanner - [client:400205]scan file in current open file directory(C:/wamp64/www/attendance managemnt/dashboard/search)
2024-06-23 17:44:24.821 [pool-3-thread-1] INFO  com.rs.mv.mvvs.client.catalog.from.scan.CurrentPathScanner - [client:400205]scan file in current open file directory(C:/wamp64/www/attendance managemnt/dashboard/search)
2024-06-23 17:44:48.572 [pool-3-thread-1] INFO  com.rs.mv.mvvs.client.catalog.from.scan.CurrentPathScanner - [client:400205]scan file in current open file directory(C:/wamp64/www/attendance managemnt/dashboard/search)
2024-06-23 17:44:50.216 [pool-3-thread-1] INFO  com.rs.mv.mvvs.client.catalog.from.scan.CurrentPathScanner - [client:400205]scan file in current open file directory(C:/wamp64/www/attendance managemnt/dashboard/search)
2024-06-23 17:45:35.051 [pool-3-thread-1] INFO  com.rs.mv.mvvs.client.catalog.from.scan.CurrentPathScanner - [client:400205]scan file in current open file directory(C:/wamp64/www/attendance managemnt/dashboard)
2024-06-23 17:45:45.801 [pool-3-thread-1] INFO  com.rs.mv.mvvs.client.catalog.from.scan.CurrentPathScanner - [client:400205]scan file in current open file directory(C:/wamp64/www/attendance managemnt/dashboard/search)
2024-06-23 17:46:38.558 [pool-3-thread-1] INFO  com.rs.mv.mvvs.client.catalog.from.scan.CurrentPathScanner - [client:400205]scan file in current open file directory(C:/wamp64/www/attendance managemnt/dashboard/search)
2024-06-23 17:47:10.317 [pool-3-thread-1] INFO  com.rs.mv.mvvs.client.catalog.from.scan.CurrentPathScanner - [client:400205]scan file in current open file directory(C:/wamp64/www/attendance managemnt/dashboard/search)
2024-06-23 17:49:50.301 [pool-3-thread-1] INFO  com.rs.mv.mvvs.client.catalog.from.scan.CurrentPathScanner - [client:400205]scan file in current open file directory(C:/wamp64/www/attendance managemnt/dashboard/search)
2024-06-23 17:50:19.384 [pool-3-thread-1] INFO  com.rs.mv.mvvs.client.catalog.from.scan.CurrentPathScanner - [client:400205]scan file in current open file directory(C:/wamp64/www/attendance managemnt/dashboard/search)
2024-06-23 17:57:40.209 [pool-3-thread-1] INFO  com.rs.mv.mvvs.client.catalog.from.scan.CurrentPathScanner - [client:400205]scan file in current open file directory(C:/wamp64/www/attendance managemnt/dashboard)
2024-06-23 18:02:08.129 [pool-3-thread-1] INFO  com.rs.mv.mvvs.client.catalog.from.scan.CurrentPathScanner - [client:400205]scan file in current open file directory(C:/wamp64/www/attendance managemnt/dashboard)
2024-06-23 18:06:47.179 [pool-3-thread-1] INFO  com.rs.mv.mvvs.client.catalog.from.scan.CurrentPathScanner - [client:400205]scan file in current open file directory(C:/wamp64/www/attendance managemnt/dashboard)
2024-06-23 18:11:37.409 [pool-3-thread-1] INFO  com.rs.mv.mvvs.client.catalog.from.scan.CurrentPathScanner - [client:400205]scan file in current open file directory(C:/wamp64/www/attendance managemnt)
2024-06-23 18:11:38.357 [pool-3-thread-1] INFO  com.rs.mv.mvvs.client.catalog.from.scan.CurrentPathScanner - [client:400205]scan file in current open file directory(C:/wamp64/www/attendance managemnt/dashboard/search)
2024-06-23 18:11:39.254 [pool-3-thread-1] INFO  com.rs.mv.mvvs.client.catalog.from.scan.CurrentPathScanner - [client:400205]scan file in current open file directory(C:/wamp64/www/attendance managemnt)
2024-06-23 18:11:49.504 [pool-3-thread-1] INFO  com.rs.mv.mvvs.client.catalog.from.scan.CurrentPathScanner - [client:400205]scan file in current open file directory(C:/wamp64/www/attendance managemnt/dashboard/search)
2024-06-23 18:11:58.529 [pool-3-thread-1] INFO  com.rs.mv.mvvs.client.catalog.from.scan.CurrentPathScanner - [client:400205]scan file in current open file directory(C:/wamp64/www/attendance managemnt/dashboard)
2024-06-23 18:12:19.735 [pool-3-thread-1] INFO  com.rs.mv.mvvs.client.catalog.from.scan.CurrentPathScanner - [client:400205]scan file in current open file directory(C:/wamp64/www/attendance managemnt)
2024-06-23 18:12:58.866 [pool-3-thread-1] INFO  com.rs.mv.mvvs.client.catalog.from.scan.CurrentPathScanner - [client:400205]scan file in current open file directory(C:/wamp64/www/attendance managemnt/dashboard)
2024-06-23 18:13:34.445 [pool-3-thread-1] INFO  com.rs.mv.mvvs.client.catalog.from.scan.CurrentPathScanner - [client:400205]scan file in current open file directory(C:/wamp64/www/attendance managemnt)
2024-06-23 18:16:11.752 [pool-3-thread-1] INFO  com.rs.mv.mvvs.client.catalog.from.scan.CurrentPathScanner - [client:400205]scan file in current open file directory(C:/wamp64/www/attendance managemnt/dashboard)
2024-06-23 18:16:22.498 [pool-3-thread-1] INFO  com.rs.mv.mvvs.client.catalog.from.scan.CurrentPathScanner - [client:400205]scan file in current open file directory(C:/wamp64/www/attendance managemnt)
2024-06-23 18:16:40.543 [pool-3-thread-1] INFO  com.rs.mv.mvvs.client.catalog.from.scan.CurrentPathScanner - [client:400205]scan file in current open file directory(C:/wamp64/www/attendance managemnt)
2024-06-23 18:16:46.332 [pool-3-thread-1] INFO  com.rs.mv.mvvs.client.catalog.from.scan.CurrentPathScanner - [client:400205]scan file in current open file directory(C:/wamp64/www/attendance managemnt)
2024-06-23 18:17:06.129 [pool-3-thread-1] INFO  com.rs.mv.mvvs.client.catalog.from.scan.CurrentPathScanner - [client:400205]scan file in current open file directory(C:/wamp64/www/attendance managemnt)
2024-06-23 18:17:16.612 [pool-3-thread-1] INFO  com.rs.mv.mvvs.client.catalog.from.scan.CurrentPathScanner - [client:400205]scan file in current open file directory(C:/wamp64/www/attendance managemnt/dashboard)
2024-06-23 18:17:36.840 [pool-3-thread-1] INFO  com.rs.mv.mvvs.client.catalog.from.scan.CurrentPathScanner - [client:400205]scan file in current open file directory(C:/wamp64/www/attendance managemnt)
2024-06-23 18:30:45.879 [pool-3-thread-1] INFO  com.rs.mv.mvvs.client.catalog.from.scan.CurrentPathScanner - [client:400205]scan file in current open file directory(C:/wamp64/www/attendance managemnt)
2024-06-23 18:30:47.528 [pool-3-thread-1] INFO  com.rs.mv.mvvs.client.catalog.from.scan.CurrentPathScanner - [client:400205]scan file in current open file directory(C:/wamp64/www/attendance managemnt)
2024-06-23 18:38:12.275 [pool-3-thread-1] INFO  com.rs.mv.mvvs.client.catalog.from.scan.CurrentPathScanner - [client:400205]scan file in current open file directory(C:/wamp64/www/attendance managemnt)
2024-06-23 18:39:06.774 [pool-3-thread-1] INFO  com.rs.mv.mvvs.client.catalog.from.scan.CurrentPathScanner - [client:400205]scan file in current open file directory(C:/wamp64/www/attendance managemnt)
2024-06-23 20:13:52.978 [pool-3-thread-1] INFO  com.rs.mv.mvvs.client.catalog.from.scan.CurrentPathScanner - [client:400205]scan file in current open file directory(C:/wamp64/www/attendance managemnt/dashboard)
2024-06-23 20:27:02.045 [pool-3-thread-1] INFO  com.rs.mv.mvvs.client.catalog.from.scan.CurrentPathScanner - [client:400205]scan file in current open file directory(C:/wamp64/www/attendance managemnt)
2024-06-23 20:28:52.007 [pool-3-thread-1] INFO  com.rs.mv.mvvs.client.catalog.from.scan.CurrentPathScanner - [client:400205]scan file in current open file directory(C:/wamp64/www/attendance managemnt)
2024-06-23 20:29:01.336 [pool-3-thread-1] INFO  com.rs.mv.mvvs.client.catalog.from.scan.CurrentPathScanner - [client:400205]scan file in current open file directory(C:/wamp64/www/attendance managemnt)
2024-06-23 20:29:15.839 [pool-3-thread-1] INFO  com.rs.mv.mvvs.client.catalog.from.scan.CurrentPathScanner - [client:400205]scan file in current open file directory(C:/wamp64/www/attendance managemnt)
2024-06-23 20:29:19.778 [pool-3-thread-1] INFO  com.rs.mv.mvvs.client.catalog.from.scan.CurrentPathScanner - [client:400205]scan file in current open file directory(C:/wamp64/www/attendance managemnt)
2024-06-23 20:30:11.548 [pool-3-thread-1] INFO  com.rs.mv.mvvs.client.catalog.from.scan.CurrentPathScanner - [client:400205]scan file in current open file directory(C:/wamp64/www/attendance managemnt)
2024-06-23 20:32:25.985 [pool-3-thread-1] INFO  com.rs.mv.mvvs.client.catalog.from.scan.CurrentPathScanner - [client:400205]scan file in current open file directory(C:/wamp64/www/attendance managemnt)
2024-06-23 20:33:03.194 [pool-3-thread-1] INFO  com.rs.mv.mvvs.client.catalog.from.scan.CurrentPathScanner - [client:400205]scan file in current open file directory(C:/wamp64/www/attendance managemnt)
2024-06-23 20:33:09.321 [pool-3-thread-1] INFO  com.rs.mv.mvvs.client.catalog.from.scan.CurrentPathScanner - [client:400205]scan file in current open file directory(C:/wamp64/www/attendance managemnt)
2024-06-23 20:33:58.439 [pool-3-thread-1] INFO  com.rs.mv.mvvs.client.catalog.from.scan.CurrentPathScanner - [client:400205]scan file in current open file directory(C:/wamp64/www/attendance managemnt/dashboard)
2024-06-23 20:34:07.319 [pool-3-thread-1] INFO  com.rs.mv.mvvs.client.catalog.from.scan.CurrentPathScanner - [client:400205]scan file in current open file directory(C:/wamp64/www/attendance managemnt/dashboard)
2024-06-23 20:34:40.503 [pool-3-thread-1] INFO  com.rs.mv.mvvs.client.catalog.from.scan.CurrentPathScanner - [client:400205]scan file in current open file directory(C:/wamp64/www/attendance managemnt)
2024-06-23 20:34:44.149 [pool-3-thread-1] INFO  com.rs.mv.mvvs.client.catalog.from.scan.CurrentPathScanner - [client:400205]scan file in current open file directory(C:/wamp64/www/attendance managemnt/dashboard)
2024-06-23 20:35:49.777 [pool-3-thread-1] INFO  com.rs.mv.mvvs.client.catalog.from.scan.CurrentPathScanner - [client:400205]scan file in current open file directory(C:/wamp64/www/attendance managemnt/dashboard)
2024-06-23 20:38:28.210 [pool-3-thread-1] INFO  com.rs.mv.mvvs.client.catalog.from.scan.CurrentPathScanner - [client:400205]scan file in current open file directory(C:/wamp64/www/attendance managemnt/dashboard)
2024-06-23 20:38:34.962 [pool-3-thread-1] INFO  com.rs.mv.mvvs.client.catalog.from.scan.CurrentPathScanner - [client:400205]scan file in current open file directory(C:/wamp64/www/attendance managemnt/dashboard)
2024-06-23 20:41:23.581 [pool-3-thread-1] INFO  com.rs.mv.mvvs.client.catalog.from.scan.CurrentPathScanner - [client:400205]scan file in current open file directory(C:/wamp64/www/attendance managemnt/dashboard)
2024-06-23 20:41:26.917 [pool-3-thread-1] INFO  com.rs.mv.mvvs.client.catalog.from.scan.CurrentPathScanner - [client:400205]scan file in current open file directory(C:/wamp64/www/attendance managemnt)
2024-06-23 20:41:43.068 [pool-3-thread-1] INFO  com.rs.mv.mvvs.client.catalog.from.scan.CurrentPathScanner - [client:400205]scan file in current open file directory(C:/wamp64/www/attendance managemnt/dashboard)
2024-06-23 20:41:59.573 [pool-3-thread-1] INFO  com.rs.mv.mvvs.client.catalog.from.scan.CurrentPathScanner - [client:400205]scan file in current open file directory(C:/wamp64/www/attendance managemnt)
2024-06-23 20:42:05.902 [pool-3-thread-1] INFO  com.rs.mv.mvvs.client.catalog.from.scan.CurrentPathScanner - [client:400205]scan file in current open file directory(C:/wamp64/www/attendance managemnt/dashboard)
2024-06-23 20:42:07.775 [pool-3-thread-1] INFO  com.rs.mv.mvvs.client.catalog.from.scan.CurrentPathScanner - [client:400205]scan file in current open file directory(C:/wamp64/www/attendance managemnt)
2024-06-23 20:42:19.316 [pool-3-thread-1] INFO  com.rs.mv.mvvs.client.catalog.from.scan.CurrentPathScanner - [client:400205]scan file in current open file directory(C:/wamp64/www/attendance managemnt/dashboard)
2024-06-23 20:47:40.318 [pool-3-thread-1] INFO  com.rs.mv.mvvs.client.catalog.from.scan.CurrentPathScanner - [client:400205]scan file in current open file directory(C:/wamp64/www/attendance managemnt)
2024-06-23 20:48:32.278 [pool-3-thread-1] INFO  com.rs.mv.mvvs.client.catalog.from.scan.CurrentPathScanner - [client:400205]scan file in current open file directory(C:/wamp64/www/attendance managemnt)
2024-06-23 20:48:48.917 [pool-3-thread-1] INFO  com.rs.mv.mvvs.client.catalog.from.scan.CurrentPathScanner - [client:400205]scan file in current open file directory(C:/wamp64/www/attendance managemnt)
2024-06-23 20:49:07.312 [pool-3-thread-1] INFO  com.rs.mv.mvvs.client.catalog.from.scan.CurrentPathScanner - [client:400205]scan file in current open file directory(C:/wamp64/www/attendance managemnt/dashboard)
2024-06-23 20:49:17.710 [pool-3-thread-1] INFO  com.rs.mv.mvvs.client.catalog.from.scan.CurrentPathScanner - [client:400205]scan file in current open file directory(C:/wamp64/www/attendance managemnt)
2024-06-23 20:51:19.880 [pool-3-thread-1] INFO  com.rs.mv.mvvs.client.catalog.from.scan.CurrentPathScanner - [client:400205]scan file in current open file directory(C:/wamp64/www/attendance managemnt/dashboard)
2024-06-23 20:51:33.789 [pool-3-thread-1] INFO  com.rs.mv.mvvs.client.catalog.from.scan.CurrentPathScanner - [client:400205]scan file in current open file directory(C:/wamp64/www/attendance managemnt)
2024-06-23 20:52:26.565 [pool-3-thread-1] INFO  com.rs.mv.mvvs.client.catalog.from.scan.CurrentPathScanner - [client:400205]scan file in current open file directory(C:/wamp64/www/attendance managemnt/dashboard)
2024-06-23 20:52:43.876 [pool-3-thread-1] INFO  com.rs.mv.mvvs.client.catalog.from.scan.CurrentPathScanner - [client:400205]scan file in current open file directory(C:/wamp64/www/attendance managemnt/dashboard)
2024-06-23 20:52:45.611 [pool-3-thread-1] INFO  com.rs.mv.mvvs.client.catalog.from.scan.CurrentPathScanner - [client:400205]scan file in current open file directory(C:/wamp64/www/attendance managemnt)
2024-06-23 20:52:49.693 [pool-3-thread-1] INFO  com.rs.mv.mvvs.client.catalog.from.scan.CurrentPathScanner - [client:400205]scan file in current open file directory(C:/wamp64/www/attendance managemnt/dashboard)
2024-06-23 20:52:57.509 [pool-3-thread-1] INFO  com.rs.mv.mvvs.client.catalog.from.scan.CurrentPathScanner - [client:400205]scan file in current open file directory(C:/wamp64/www/attendance managemnt)
2024-06-23 20:53:01.382 [pool-3-thread-1] INFO  com.rs.mv.mvvs.client.catalog.from.scan.CurrentPathScanner - [client:400205]scan file in current open file directory(C:/wamp64/www/attendance managemnt/dashboard)
2024-06-23 20:53:43.464 [pool-3-thread-1] INFO  com.rs.mv.mvvs.client.catalog.from.scan.CurrentPathScanner - [client:400205]scan file in current open file directory(C:/wamp64/www/attendance managemnt)
2024-06-23 20:53:50.692 [pool-3-thread-1] INFO  com.rs.mv.mvvs.client.catalog.from.scan.CurrentPathScanner - [client:400205]scan file in current open file directory(C:/wamp64/www/attendance managemnt/dashboard)
2024-06-23 20:54:20.307 [pool-3-thread-1] INFO  com.rs.mv.mvvs.client.catalog.from.scan.CurrentPathScanner - [client:400205]scan file in current open file directory(C:/wamp64/www/attendance managemnt)
2024-06-23 20:54:59.069 [pool-3-thread-1] INFO  com.rs.mv.mvvs.client.catalog.from.scan.CurrentPathScanner - [client:400205]scan file in current open file directory(C:/wamp64/www/attendance managemnt/dashboard)
2024-06-23 20:55:55.106 [pool-3-thread-1] INFO  com.rs.mv.mvvs.client.catalog.from.scan.CurrentPathScanner - [client:400205]scan file in current open file directory(C:/wamp64/www/attendance managemnt)
2024-06-23 20:57:31.251 [pool-3-thread-1] INFO  com.rs.mv.mvvs.client.catalog.from.scan.CurrentPathScanner - [client:400205]scan file in current open file directory(C:/wamp64/www/attendance managemnt)
2024-06-23 20:57:36.323 [pool-3-thread-1] INFO  com.rs.mv.mvvs.client.catalog.from.scan.CurrentPathScanner - [client:400205]scan file in current open file directory(C:/wamp64/www/attendance managemnt)
2024-06-23 20:57:38.944 [pool-3-thread-1] INFO  com.rs.mv.mvvs.client.catalog.from.scan.CurrentPathScanner - [client:400205]scan file in current open file directory(C:/wamp64/www/attendance managemnt)
2024-06-23 20:57:45.064 [pool-3-thread-1] INFO  com.rs.mv.mvvs.client.catalog.from.scan.CurrentPathScanner - [client:400205]scan file in current open file directory(C:/wamp64/www/attendance managemnt)
2024-06-23 20:58:15.727 [pool-3-thread-1] INFO  com.rs.mv.mvvs.client.catalog.from.scan.CurrentPathScanner - [client:400205]scan file in current open file directory(C:/wamp64/www/attendance managemnt/dashboard)
2024-06-23 20:58:55.444 [pool-3-thread-1] INFO  com.rs.mv.mvvs.client.catalog.from.scan.CurrentPathScanner - [client:400205]scan file in current open file directory(C:/wamp64/www/attendance managemnt)
2024-06-23 20:59:00.791 [pool-3-thread-1] INFO  com.rs.mv.mvvs.client.catalog.from.scan.CurrentPathScanner - [client:400205]scan file in current open file directory(C:/wamp64/www/attendance managemnt/dashboard)
2024-06-23 20:59:21.722 [pool-3-thread-1] INFO  com.rs.mv.mvvs.client.catalog.from.scan.CurrentPathScanner - [client:400205]scan file in current open file directory(C:/wamp64/www/attendance managemnt)
2024-06-23 20:59:48.001 [pool-3-thread-1] INFO  com.rs.mv.mvvs.client.catalog.from.scan.CurrentPathScanner - [client:400205]scan file in current open file directory(C:/wamp64/www/attendance managemnt/dashboard)
2024-06-23 20:59:57.857 [pool-3-thread-1] INFO  com.rs.mv.mvvs.client.catalog.from.scan.CurrentPathScanner - [client:400205]scan file in current open file directory(C:/wamp64/www/attendance managemnt)
2024-06-23 20:59:59.462 [pool-3-thread-1] INFO  com.rs.mv.mvvs.client.catalog.from.scan.CurrentPathScanner - [client:400205]scan file in current open file directory(C:/wamp64/www/attendance managemnt)
2024-06-23 21:00:49.380 [pool-3-thread-1] INFO  com.rs.mv.mvvs.client.catalog.from.scan.CurrentPathScanner - [client:400205]scan file in current open file directory(C:/wamp64/www/attendance managemnt/dashboard)
2024-06-23 21:00:51.169 [pool-3-thread-1] INFO  com.rs.mv.mvvs.client.catalog.from.scan.CurrentPathScanner - [client:400205]scan file in current open file directory(C:/wamp64/www/attendance managemnt/dashboard)
2024-06-23 21:00:58.170 [pool-3-thread-1] INFO  com.rs.mv.mvvs.client.catalog.from.scan.CurrentPathScanner - [client:400205]scan file in current open file directory(C:/wamp64/www/attendance managemnt)
2024-06-23 21:01:45.755 [pool-3-thread-1] INFO  com.rs.mv.mvvs.client.catalog.from.scan.CurrentPathScanner - [client:400205]scan file in current open file directory(C:/wamp64/www/attendance managemnt/dashboard)
2024-06-23 21:02:22.142 [pool-3-thread-1] INFO  com.rs.mv.mvvs.client.catalog.from.scan.CurrentPathScanner - [client:400205]scan file in current open file directory(C:/wamp64/www/attendance managemnt)
2024-06-23 21:02:27.837 [pool-3-thread-1] INFO  com.rs.mv.mvvs.client.catalog.from.scan.CurrentPathScanner - [client:400205]scan file in current open file directory(C:/wamp64/www/attendance managemnt)
2024-06-23 21:02:30.109 [pool-3-thread-1] INFO  com.rs.mv.mvvs.client.catalog.from.scan.CurrentPathScanner - [client:400205]scan file in current open file directory(C:/wamp64/www/attendance managemnt)
2024-06-23 21:03:08.463 [pool-3-thread-1] INFO  com.rs.mv.mvvs.client.catalog.from.scan.CurrentPathScanner - [client:400205]scan file in current open file directory(C:/wamp64/www/attendance managemnt/dashboard)
2024-06-23 21:03:11.546 [pool-3-thread-1] INFO  com.rs.mv.mvvs.client.catalog.from.scan.CurrentPathScanner - [client:400205]scan file in current open file directory(C:/wamp64/www/attendance managemnt/dashboard)
2024-06-23 21:03:14.083 [pool-3-thread-1] INFO  com.rs.mv.mvvs.client.catalog.from.scan.CurrentPathScanner - [client:400205]scan file in current open file directory(C:/wamp64/www/attendance managemnt)
2024-06-23 21:03:17.879 [pool-3-thread-1] INFO  com.rs.mv.mvvs.client.catalog.from.scan.CurrentPathScanner - [client:400205]scan file in current open file directory(C:/wamp64/www/attendance managemnt/dashboard)
2024-06-23 21:03:21.579 [pool-3-thread-1] INFO  com.rs.mv.mvvs.client.catalog.from.scan.CurrentPathScanner - [client:400205]scan file in current open file directory(C:/wamp64/www/attendance managemnt)
2024-06-23 21:03:24.359 [pool-3-thread-1] INFO  com.rs.mv.mvvs.client.catalog.from.scan.CurrentPathScanner - [client:400205]scan file in current open file directory(C:/wamp64/www/attendance managemnt/dashboard)
2024-06-23 21:03:46.941 [pool-3-thread-1] INFO  com.rs.mv.mvvs.client.catalog.from.scan.CurrentPathScanner - [client:400205]scan file in current open file directory(C:/wamp64/www/attendance managemnt/dashboard)
2024-06-23 21:07:17.237 [pool-3-thread-1] INFO  com.rs.mv.mvvs.client.catalog.from.scan.CurrentPathScanner - [client:400205]scan file in current open file directory(C:/wamp64/www/attendance managemnt)
2024-06-23 21:07:28.214 [pool-3-thread-1] INFO  com.rs.mv.mvvs.client.catalog.from.scan.CurrentPathScanner - [client:400205]scan file in current open file directory(C:/wamp64/www/attendance managemnt/dashboard)
2024-06-23 21:07:35.103 [pool-3-thread-1] INFO  com.rs.mv.mvvs.client.catalog.from.scan.CurrentPathScanner - [client:400205]scan file in current open file directory(C:/wamp64/www/attendance managemnt/dashboard)
2024-06-23 21:08:23.769 [pool-3-thread-1] INFO  com.rs.mv.mvvs.client.catalog.from.scan.CurrentPathScanner - [client:400205]scan file in current open file directory(C:/wamp64/www/attendance managemnt/dashboard)
2024-06-23 21:11:04.151 [pool-3-thread-1] INFO  com.rs.mv.mvvs.client.catalog.from.scan.CurrentPathScanner - [client:400205]scan file in current open file directory(C:/wamp64/www/attendance managemnt)
2024-06-23 21:11:17.479 [pool-3-thread-1] INFO  com.rs.mv.mvvs.client.catalog.from.scan.CurrentPathScanner - [client:400205]scan file in current open file directory(C:/wamp64/www/attendance managemnt/dashboard)
2024-06-23 21:11:19.068 [pool-3-thread-1] INFO  com.rs.mv.mvvs.client.catalog.from.scan.CurrentPathScanner - [client:400205]scan file in current open file directory(C:/wamp64/www/attendance managemnt)
2024-06-23 21:11:23.131 [pool-3-thread-1] INFO  com.rs.mv.mvvs.client.catalog.from.scan.CurrentPathScanner - [client:400205]scan file in current open file directory(C:/wamp64/www/attendance managemnt)
2024-06-23 21:11:28.359 [pool-3-thread-1] INFO  com.rs.mv.mvvs.client.catalog.from.scan.CurrentPathScanner - [client:400205]scan file in current open file directory(C:/wamp64/www/attendance managemnt)
2024-06-23 21:11:38.860 [pool-3-thread-1] INFO  com.rs.mv.mvvs.client.catalog.from.scan.CurrentPathScanner - [client:400205]scan file in current open file directory(C:/wamp64/www/attendance managemnt)
2024-06-23 21:11:49.728 [pool-3-thread-1] INFO  com.rs.mv.mvvs.client.catalog.from.scan.CurrentPathScanner - [client:400205]scan file in current open file directory(C:/wamp64/www/attendance managemnt)
2024-06-23 21:12:08.312 [pool-3-thread-1] INFO  com.rs.mv.mvvs.client.catalog.from.scan.CurrentPathScanner - [client:400205]scan file in current open file directory(C:/wamp64/www/attendance managemnt/dashboard)
2024-06-23 21:12:20.513 [pool-3-thread-1] INFO  com.rs.mv.mvvs.client.catalog.from.scan.CurrentPathScanner - [client:400205]scan file in current open file directory(C:/wamp64/www/attendance managemnt)
2024-06-23 21:12:21.951 [pool-3-thread-1] INFO  com.rs.mv.mvvs.client.catalog.from.scan.CurrentPathScanner - [client:400205]scan file in current open file directory(C:/wamp64/www/attendance managemnt)
2024-06-23 21:14:18.900 [pool-3-thread-1] INFO  com.rs.mv.mvvs.client.catalog.from.scan.CurrentPathScanner - [client:400205]scan file in current open file directory(C:/wamp64/www/attendance managemnt/dashboard)
2024-06-23 21:14:22.984 [pool-3-thread-1] INFO  com.rs.mv.mvvs.client.catalog.from.scan.CurrentPathScanner - [client:400205]scan file in current open file directory(C:/wamp64/www/attendance managemnt)
2024-06-23 21:14:40.619 [pool-3-thread-1] INFO  com.rs.mv.mvvs.client.catalog.from.scan.CurrentPathScanner - [client:400205]scan file in current open file directory(C:/wamp64/www/attendance managemnt)
2024-06-23 21:14:40.712 [pool-3-thread-1] INFO  com.rs.mv.mvvs.client.catalog.from.scan.CurrentPathScanner - [client:400205]scan file in current open file directory(C:/wamp64/www/attendance managemnt/dashboard)
2024-06-23 21:16:04.734 [pool-3-thread-1] INFO  com.rs.mv.mvvs.client.catalog.from.scan.CurrentPathScanner - [client:400205]scan file in current open file directory(C:/wamp64/www/attendance managemnt)
2024-06-23 21:16:06.540 [pool-3-thread-1] INFO  com.rs.mv.mvvs.client.catalog.from.scan.CurrentPathScanner - [client:400205]scan file in current open file directory(C:/wamp64/www/attendance managemnt)
2024-06-23 21:16:07.797 [pool-3-thread-1] INFO  com.rs.mv.mvvs.client.catalog.from.scan.CurrentPathScanner - [client:400205]scan file in current open file directory(C:/wamp64/www/attendance managemnt/dashboard)
2024-06-23 21:16:09.129 [pool-3-thread-1] INFO  com.rs.mv.mvvs.client.catalog.from.scan.CurrentPathScanner - [client:400205]scan file in current open file directory(C:/wamp64/www/attendance managemnt/dashboard)
2024-06-23 21:16:10.359 [pool-3-thread-1] INFO  com.rs.mv.mvvs.client.catalog.from.scan.CurrentPathScanner - [client:400205]scan file in current open file directory(C:/wamp64/www/attendance managemnt)
2024-06-23 21:16:15.895 [pool-3-thread-1] INFO  com.rs.mv.mvvs.client.catalog.from.scan.CurrentPathScanner - [client:400205]scan file in current open file directory(C:/wamp64/www/attendance managemnt/dashboard)
2024-06-23 21:23:42.359 [pool-3-thread-1] INFO  com.rs.mv.mvvs.client.catalog.from.scan.CurrentPathScanner - [client:400205]scan file in current open file directory(C:/wamp64/www/attendance managemnt/dashboard)
2024-06-23 21:23:58.189 [pool-3-thread-1] INFO  com.rs.mv.mvvs.client.catalog.from.scan.CurrentPathScanner - [client:400205]scan file in current open file directory(C:/wamp64/www/attendance managemnt/dashboard)
2024-06-23 21:23:59.864 [pool-3-thread-1] INFO  com.rs.mv.mvvs.client.catalog.from.scan.CurrentPathScanner - [client:400205]scan file in current open file directory(C:/wamp64/www/attendance managemnt/dashboard)
2024-06-23 21:31:16.807 [pool-3-thread-1] INFO  com.rs.mv.mvvs.client.catalog.from.scan.CurrentPathScanner - [client:400205]scan file in current open file directory(C:/wamp64/www/attendance managemnt)
2024-06-23 21:32:48.472 [pool-3-thread-1] INFO  com.rs.mv.mvvs.client.catalog.from.scan.CurrentPathScanner - [client:400205]scan file in current open file directory(C:/wamp64/www/attendance managemnt/dashboard)
2024-06-23 21:32:57.898 [pool-3-thread-1] INFO  com.rs.mv.mvvs.client.catalog.from.scan.CurrentPathScanner - [client:400205]scan file in current open file directory(C:/wamp64/www/attendance managemnt)
2024-06-23 21:53:10.872 [pool-3-thread-1] INFO  com.rs.mv.mvvs.client.catalog.from.scan.CurrentPathScanner - [client:400205]scan file in current open file directory(C:/wamp64/www/attendance managemnt/dashboard)
2024-06-23 21:54:23.936 [pool-3-thread-1] INFO  com.rs.mv.mvvs.client.catalog.from.scan.CurrentPathScanner - [client:400205]scan file in current open file directory(C:/wamp64/www/attendance managemnt)
2024-06-23 21:56:09.173 [pool-3-thread-1] INFO  com.rs.mv.mvvs.client.catalog.from.scan.CurrentPathScanner - [client:400205]scan file in current open file directory(C:/wamp64/www/attendance managemnt/dashboard)
2024-06-23 21:57:42.621 [pool-3-thread-1] INFO  com.rs.mv.mvvs.client.catalog.from.scan.CurrentPathScanner - [client:400205]scan file in current open file directory(C:/wamp64/www/attendance managemnt/dashboard)
2024-06-23 21:59:46.185 [pool-3-thread-1] INFO  com.rs.mv.mvvs.client.catalog.from.scan.CurrentPathScanner - [client:400205]scan file in current open file directory(C:/wamp64/www/attendance managemnt/dashboard)
2024-06-23 22:02:31.072 [pool-3-thread-1] INFO  com.rs.mv.mvvs.client.catalog.from.scan.CurrentPathScanner - [client:400205]scan file in current open file directory(C:/wamp64/www/attendance managemnt/dashboard)
2024-06-23 22:03:15.625 [pool-3-thread-1] INFO  com.rs.mv.mvvs.client.catalog.from.scan.CurrentPathScanner - [client:400205]scan file in current open file directory(C:/wamp64/www/attendance managemnt/dashboard)
2024-06-23 22:04:16.481 [pool-3-thread-1] INFO  com.rs.mv.mvvs.client.catalog.from.scan.CurrentPathScanner - [client:400205]scan file in current open file directory(C:/wamp64/www/attendance managemnt)
2024-06-23 22:04:22.144 [pool-3-thread-1] INFO  com.rs.mv.mvvs.client.catalog.from.scan.CurrentPathScanner - [client:400205]scan file in current open file directory(C:/wamp64/www/attendance managemnt/dashboard)
2024-06-23 22:04:24.080 [pool-3-thread-1] INFO  com.rs.mv.mvvs.client.catalog.from.scan.CurrentPathScanner - [client:400205]scan file in current open file directory(C:/wamp64/www/attendance managemnt)
2024-06-23 22:04:54.044 [pool-3-thread-1] INFO  com.rs.mv.mvvs.client.catalog.from.scan.CurrentPathScanner - [client:400205]scan file in current open file directory(C:/wamp64/www/attendance managemnt/dashboard)
2024-06-23 22:06:17.279 [pool-3-thread-1] INFO  com.rs.mv.mvvs.client.catalog.from.scan.CurrentPathScanner - [client:400205]scan file in current open file directory(C:/wamp64/www/attendance managemnt/dashboard)
2024-06-23 22:06:20.025 [pool-3-thread-1] INFO  com.rs.mv.mvvs.client.catalog.from.scan.CurrentPathScanner - [client:400205]scan file in current open file directory(C:/wamp64/www/attendance managemnt/dashboard)
2024-06-23 22:06:23.214 [pool-3-thread-1] INFO  com.rs.mv.mvvs.client.catalog.from.scan.CurrentPathScanner - [client:400205]scan file in current open file directory(C:/wamp64/www/attendance managemnt)
2024-06-23 22:06:26.951 [pool-3-thread-1] INFO  com.rs.mv.mvvs.client.catalog.from.scan.CurrentPathScanner - [client:400205]scan file in current open file directory(C:/wamp64/www/attendance managemnt/dashboard)
2024-06-23 22:07:27.435 [pool-3-thread-1] INFO  com.rs.mv.mvvs.client.catalog.from.scan.CurrentPathScanner - [client:400205]scan file in current open file directory(C:/wamp64/www/attendance managemnt/dashboard)
2024-06-23 22:07:29.959 [pool-3-thread-1] INFO  com.rs.mv.mvvs.client.catalog.from.scan.CurrentPathScanner - [client:400205]scan file in current open file directory(C:/wamp64/www/attendance managemnt/dashboard)
2024-06-23 22:08:12.437 [pool-3-thread-1] INFO  com.rs.mv.mvvs.client.catalog.from.scan.CurrentPathScanner - [client:400205]scan file in current open file directory(C:/wamp64/www/attendance managemnt/dashboard)
2024-06-23 22:09:11.325 [pool-3-thread-1] INFO  com.rs.mv.mvvs.client.catalog.from.scan.CurrentPathScanner - [client:400205]scan file in current open file directory(C:/wamp64/www/attendance managemnt)
2024-06-23 22:09:18.979 [pool-3-thread-1] INFO  com.rs.mv.mvvs.client.catalog.from.scan.CurrentPathScanner - [client:400205]scan file in current open file directory(C:/wamp64/www/attendance managemnt/dashboard)
2024-06-23 22:09:52.351 [pool-3-thread-1] INFO  com.rs.mv.mvvs.client.catalog.from.scan.CurrentPathScanner - [client:400205]scan file in current open file directory(C:/wamp64/www/attendance managemnt)
2024-06-23 22:09:55.043 [pool-3-thread-1] INFO  com.rs.mv.mvvs.client.catalog.from.scan.CurrentPathScanner - [client:400205]scan file in current open file directory(C:/wamp64/www/attendance managemnt/dashboard)
2024-06-23 22:10:43.928 [pool-3-thread-1] INFO  com.rs.mv.mvvs.client.catalog.from.scan.CurrentPathScanner - [client:400205]scan file in current open file directory(C:/wamp64/www/attendance managemnt/dashboard)
2024-06-23 22:11:10.137 [pool-3-thread-1] INFO  com.rs.mv.mvvs.client.catalog.from.scan.CurrentPathScanner - [client:400205]scan file in current open file directory(C:/wamp64/www/attendance managemnt/dashboard)
2024-06-23 22:11:35.868 [pool-3-thread-1] INFO  com.rs.mv.mvvs.client.catalog.from.scan.CurrentPathScanner - [client:400205]scan file in current open file directory(C:/wamp64/www/attendance managemnt/dashboard)
2024-06-23 22:11:48.304 [pool-3-thread-1] INFO  com.rs.mv.mvvs.client.catalog.from.scan.CurrentPathScanner - [client:400205]scan file in current open file directory(C:/wamp64/www/attendance managemnt/dashboard)
2024-06-23 22:13:10.684 [pool-3-thread-1] INFO  com.rs.mv.mvvs.client.catalog.from.scan.CurrentPathScanner - [client:400205]scan file in current open file directory(C:/wamp64/www/attendance managemnt/dashboard)
2024-06-23 22:15:23.667 [pool-3-thread-1] INFO  com.rs.mv.mvvs.client.catalog.from.scan.CurrentPathScanner - [client:400205]scan file in current open file directory(C:/wamp64/www/attendance managemnt/dashboard)
2024-06-23 22:16:03.389 [pool-3-thread-1] INFO  com.rs.mv.mvvs.client.catalog.from.scan.CurrentPathScanner - [client:400205]scan file in current open file directory(C:/wamp64/www/attendance managemnt)
2024-06-23 22:16:18.100 [pool-3-thread-1] INFO  com.rs.mv.mvvs.client.catalog.from.scan.CurrentPathScanner - [client:400205]scan file in current open file directory(C:/wamp64/www/attendance managemnt/dashboard)
2024-06-23 22:16:24.049 [pool-3-thread-1] INFO  com.rs.mv.mvvs.client.catalog.from.scan.CurrentPathScanner - [client:400205]scan file in current open file directory(C:/wamp64/www/attendance managemnt/dashboard)
2024-06-23 22:16:51.795 [pool-3-thread-1] INFO  com.rs.mv.mvvs.client.catalog.from.scan.CurrentPathScanner - [client:400205]scan file in current open file directory(C:/wamp64/www/attendance managemnt/dashboard)
2024-06-23 22:16:56.790 [pool-3-thread-1] INFO  com.rs.mv.mvvs.client.catalog.from.scan.CurrentPathScanner - [client:400205]scan file in current open file directory(C:/wamp64/www/attendance managemnt/dashboard)
2024-06-23 22:17:08.366 [pool-3-thread-1] INFO  com.rs.mv.mvvs.client.catalog.from.scan.CurrentPathScanner - [client:400205]scan file in current open file directory(C:/wamp64/www/attendance managemnt/dashboard)
2024-06-23 22:23:20.397 [pool-3-thread-1] INFO  com.rs.mv.mvvs.client.catalog.from.scan.CurrentPathScanner - [client:400205]scan file in current open file directory(C:/wamp64/www/attendance managemnt/dashboard/logins)
2024-06-23 22:25:50.436 [main] WARN  com.rs.mv.mvvs.Startup - [LSP:100104]ROCKET MV BASIC EXTENSION exited
