2024-06-25 15:14:50.590 [pool-3-thread-1] INFO  com.rs.mv.mvvs.client.catalog.from.scan.CurrentPathScanner - [client:400205]scan file in current open file directory(C:/wamp64/www/attendance managemnt)
2024-06-25 15:14:52.076 [pool-3-thread-1] INFO  com.rs.mv.mvvs.client.catalog.from.scan.CurrentPathScanner - [client:400205]scan file in current open file directory(C:/wamp64/www/attendance managemnt)
2024-06-25 15:15:03.611 [pool-3-thread-1] INFO  com.rs.mv.mvvs.client.catalog.from.scan.CurrentPathScanner - [client:400205]scan file in current open file directory(C:/wamp64/www/attendance managemnt/register)
2024-06-25 15:22:41.369 [pool-3-thread-1] INFO  com.rs.mv.mvvs.client.catalog.from.scan.CurrentPathScanner - [client:400205]scan file in current open file directory(C:/wamp64/www/attendance managemnt)
2024-06-25 15:22:43.287 [pool-3-thread-1] INFO  com.rs.mv.mvvs.client.catalog.from.scan.CurrentPathScanner - [client:400205]scan file in current open file directory(C:/wamp64/www/attendance managemnt/register)
2024-06-25 15:24:28.590 [pool-3-thread-1] INFO  com.rs.mv.mvvs.client.catalog.from.scan.CurrentPathScanner - [client:400205]scan file in current open file directory(C:/wamp64/www/attendance managemnt/register)
2024-06-25 15:24:49.173 [pool-3-thread-1] INFO  com.rs.mv.mvvs.client.catalog.from.scan.CurrentPathScanner - [client:400205]scan file in current open file directory(C:/wamp64/www/attendance managemnt/register)
2024-06-25 15:51:58.288 [pool-3-thread-1] INFO  com.rs.mv.mvvs.client.catalog.from.scan.CurrentPathScanner - [client:400205]scan file in current open file directory(C:/wamp64/www/attendance managemnt)
2024-06-25 15:52:07.941 [pool-3-thread-1] INFO  com.rs.mv.mvvs.client.catalog.from.scan.CurrentPathScanner - [client:400205]scan file in current open file directory(C:/wamp64/www/attendance managemnt)
2024-06-25 15:52:11.719 [pool-3-thread-1] INFO  com.rs.mv.mvvs.client.catalog.from.scan.CurrentPathScanner - [client:400205]scan file in current open file directory(C:/wamp64/www/attendance managemnt)
2024-06-25 15:52:28.963 [pool-3-thread-1] INFO  com.rs.mv.mvvs.client.catalog.from.scan.CurrentPathScanner - [client:400205]scan file in current open file directory(C:/wamp64/www/attendance managemnt)
2024-06-25 15:54:56.833 [pool-3-thread-1] INFO  com.rs.mv.mvvs.client.catalog.from.scan.CurrentPathScanner - [client:400205]scan file in current open file directory(C:/wamp64/www/attendance managemnt)
2024-06-25 15:55:11.621 [pool-3-thread-1] INFO  com.rs.mv.mvvs.client.catalog.from.scan.CurrentPathScanner - [client:400205]scan file in current open file directory(C:/wamp64/www/attendance managemnt/chechIn/checkOut)
2024-06-25 15:55:16.749 [pool-3-thread-1] INFO  com.rs.mv.mvvs.client.catalog.from.scan.CurrentPathScanner - [client:400205]scan file in current open file directory(C:/wamp64/www/attendance managemnt/register)
2024-06-25 15:55:20.879 [pool-3-thread-1] INFO  com.rs.mv.mvvs.client.catalog.from.scan.CurrentPathScanner - [client:400205]scan file in current open file directory(C:/wamp64/www/attendance managemnt)
2024-06-25 15:55:26.087 [pool-3-thread-1] INFO  com.rs.mv.mvvs.client.catalog.from.scan.CurrentPathScanner - [client:400205]scan file in current open file directory(C:/wamp64/www/attendance managemnt/chechIn/checkOut)
2024-06-25 15:56:03.538 [pool-3-thread-1] INFO  com.rs.mv.mvvs.client.catalog.from.scan.CurrentPathScanner - [client:400205]scan file in current open file directory(C:/wamp64/www/attendance managemnt)
2024-06-25 15:56:34.441 [pool-3-thread-1] INFO  com.rs.mv.mvvs.client.catalog.from.scan.CurrentPathScanner - [client:400205]scan file in current open file directory(C:/wamp64/www/attendance managemnt)
2024-06-25 15:57:41.781 [pool-3-thread-1] INFO  com.rs.mv.mvvs.client.catalog.from.scan.CurrentPathScanner - [client:400205]scan file in current open file directory(C:/wamp64/www/attendance managemnt)
2024-06-25 15:59:06.820 [pool-3-thread-1] INFO  com.rs.mv.mvvs.client.catalog.from.scan.CurrentPathScanner - [client:400205]scan file in current open file directory(C:/wamp64/www/attendance managemnt)
2024-06-25 15:59:30.922 [pool-3-thread-1] INFO  com.rs.mv.mvvs.client.catalog.from.scan.CurrentPathScanner - [client:400205]scan file in current open file directory(C:/wamp64/www/attendance managemnt)
2024-06-25 15:59:36.983 [pool-3-thread-1] INFO  com.rs.mv.mvvs.client.catalog.from.scan.CurrentPathScanner - [client:400205]scan file in current open file directory(C:/wamp64/www/attendance managemnt)
2024-06-25 15:59:44.128 [pool-3-thread-1] INFO  com.rs.mv.mvvs.client.catalog.from.scan.CurrentPathScanner - [client:400205]scan file in current open file directory(C:/wamp64/www/attendance managemnt/register)
2024-06-25 15:59:50.096 [pool-3-thread-1] INFO  com.rs.mv.mvvs.client.catalog.from.scan.CurrentPathScanner - [client:400205]scan file in current open file directory(C:/wamp64/www/attendance managemnt)
2024-06-25 15:59:51.767 [pool-3-thread-1] INFO  com.rs.mv.mvvs.client.catalog.from.scan.CurrentPathScanner - [client:400205]scan file in current open file directory(C:/wamp64/www/attendance managemnt)
2024-06-25 15:59:54.635 [pool-3-thread-1] INFO  com.rs.mv.mvvs.client.catalog.from.scan.CurrentPathScanner - [client:400205]scan file in current open file directory(C:/wamp64/www/attendance managemnt)
2024-06-25 15:59:55.569 [pool-3-thread-1] INFO  com.rs.mv.mvvs.client.catalog.from.scan.CurrentPathScanner - [client:400205]scan file in current open file directory(C:/wamp64/www/attendance managemnt/register)
2024-06-25 15:59:59.026 [pool-3-thread-1] INFO  com.rs.mv.mvvs.client.catalog.from.scan.CurrentPathScanner - [client:400205]scan file in current open file directory(C:/wamp64/www/attendance managemnt)
2024-06-25 16:00:00.100 [pool-3-thread-1] INFO  com.rs.mv.mvvs.client.catalog.from.scan.CurrentPathScanner - [client:400205]scan file in current open file directory(C:/wamp64/www/attendance managemnt)
2024-06-25 16:00:07.602 [pool-3-thread-1] INFO  com.rs.mv.mvvs.client.catalog.from.scan.CurrentPathScanner - [client:400205]scan file in current open file directory(C:/wamp64/www/attendance managemnt/register)
2024-06-25 16:00:36.699 [pool-3-thread-1] INFO  com.rs.mv.mvvs.client.catalog.from.scan.CurrentPathScanner - [client:400205]scan file in current open file directory(C:/wamp64/www/attendance managemnt)
2024-06-25 16:01:52.026 [pool-3-thread-1] INFO  com.rs.mv.mvvs.client.catalog.from.scan.CurrentPathScanner - [client:400205]scan file in current open file directory(C:/wamp64/www/attendance managemnt)
2024-06-25 16:02:24.355 [pool-3-thread-1] INFO  com.rs.mv.mvvs.client.catalog.from.scan.CurrentPathScanner - [client:400205]scan file in current open file directory(C:/wamp64/www/attendance managemnt)
2024-06-25 16:07:03.141 [pool-3-thread-1] INFO  com.rs.mv.mvvs.client.catalog.from.scan.CurrentPathScanner - [client:400205]scan file in current open file directory(C:/wamp64/www/attendance managemnt/register)
2024-06-25 16:07:05.700 [pool-3-thread-1] INFO  com.rs.mv.mvvs.client.catalog.from.scan.CurrentPathScanner - [client:400205]scan file in current open file directory(C:/wamp64/www/attendance managemnt)
2024-06-25 16:07:07.943 [pool-3-thread-1] INFO  com.rs.mv.mvvs.client.catalog.from.scan.CurrentPathScanner - [client:400205]scan file in current open file directory(C:/wamp64/www/attendance managemnt/register)
2024-06-25 16:07:46.672 [pool-3-thread-1] INFO  com.rs.mv.mvvs.client.catalog.from.scan.CurrentPathScanner - [client:400205]scan file in current open file directory(C:/wamp64/www/attendance managemnt)
2024-06-25 16:07:47.672 [pool-3-thread-1] INFO  com.rs.mv.mvvs.client.catalog.from.scan.CurrentPathScanner - [client:400205]scan file in current open file directory(C:/wamp64/www/attendance managemnt)
2024-06-25 16:07:48.558 [pool-3-thread-1] INFO  com.rs.mv.mvvs.client.catalog.from.scan.CurrentPathScanner - [client:400205]scan file in current open file directory(C:/wamp64/www/attendance managemnt)
2024-06-25 16:09:57.923 [pool-3-thread-1] INFO  com.rs.mv.mvvs.client.catalog.from.scan.CurrentPathScanner - [client:400205]scan file in current open file directory(C:/wamp64/www/attendance managemnt)
2024-06-25 16:10:01.141 [pool-3-thread-1] INFO  com.rs.mv.mvvs.client.catalog.from.scan.CurrentPathScanner - [client:400205]scan file in current open file directory(C:/wamp64/www/attendance managemnt/dashboard)
2024-06-25 16:10:12.968 [pool-3-thread-1] INFO  com.rs.mv.mvvs.client.catalog.from.scan.CurrentPathScanner - [client:400205]scan file in current open file directory(C:/wamp64/www/attendance managemnt/dashboard)
2024-06-25 16:12:08.857 [pool-3-thread-1] INFO  com.rs.mv.mvvs.client.catalog.from.scan.CurrentPathScanner - [client:400205]scan file in current open file directory(C:/wamp64/www/attendance managemnt)
2024-06-25 16:12:13.609 [pool-3-thread-1] INFO  com.rs.mv.mvvs.client.catalog.from.scan.CurrentPathScanner - [client:400205]scan file in current open file directory(C:/wamp64/www/attendance managemnt)
2024-06-25 16:12:36.629 [pool-3-thread-1] INFO  com.rs.mv.mvvs.client.catalog.from.scan.CurrentPathScanner - [client:400205]scan file in current open file directory(C:/wamp64/www/attendance managemnt)
2024-06-25 16:13:13.448 [pool-3-thread-1] INFO  com.rs.mv.mvvs.client.catalog.from.scan.CurrentPathScanner - [client:400205]scan file in current open file directory(C:/wamp64/www/attendance managemnt)
2024-06-25 16:13:26.599 [pool-3-thread-1] INFO  com.rs.mv.mvvs.client.catalog.from.scan.CurrentPathScanner - [client:400205]scan file in current open file directory(C:/wamp64/www/attendance managemnt)
2024-06-25 16:13:35.211 [pool-3-thread-1] INFO  com.rs.mv.mvvs.client.catalog.from.scan.CurrentPathScanner - [client:400205]scan file in current open file directory(C:/wamp64/www/attendance managemnt)
2024-06-25 16:18:34.261 [pool-3-thread-1] INFO  com.rs.mv.mvvs.client.catalog.from.scan.CurrentPathScanner - [client:400205]scan file in current open file directory(C:/wamp64/www/attendance managemnt/attendance)
2024-06-25 16:18:45.072 [pool-3-thread-1] INFO  com.rs.mv.mvvs.client.catalog.from.scan.CurrentPathScanner - [client:400205]scan file in current open file directory(C:/wamp64/www/attendance managemnt)
2024-06-25 16:19:11.522 [pool-3-thread-1] INFO  com.rs.mv.mvvs.client.catalog.from.scan.CurrentPathScanner - [client:400205]scan file in current open file directory(C:/wamp64/www/attendance managemnt/dashboard)
2024-06-25 16:19:28.482 [pool-3-thread-1] INFO  com.rs.mv.mvvs.client.catalog.from.scan.CurrentPathScanner - [client:400205]scan file in current open file directory(C:/wamp64/www/attendance managemnt)
2024-06-25 16:19:29.801 [pool-3-thread-1] INFO  com.rs.mv.mvvs.client.catalog.from.scan.CurrentPathScanner - [client:400205]scan file in current open file directory(C:/wamp64/www/attendance managemnt/dashboard)
2024-06-25 16:19:44.299 [pool-3-thread-1] INFO  com.rs.mv.mvvs.client.catalog.from.scan.CurrentPathScanner - [client:400205]scan file in current open file directory(C:/wamp64/www/attendance managemnt/dashboard)
2024-06-25 16:21:58.661 [pool-3-thread-1] INFO  com.rs.mv.mvvs.client.catalog.from.scan.CurrentPathScanner - [client:400205]scan file in current open file directory(C:/wamp64/www/attendance managemnt/chechIn/checkOut/QnA)
2024-06-25 16:22:29.641 [pool-3-thread-1] INFO  com.rs.mv.mvvs.client.catalog.from.scan.CurrentPathScanner - [client:400205]scan file in current open file directory(C:/wamp64/www/attendance managemnt/dashboard)
2024-06-25 16:22:36.702 [pool-3-thread-1] INFO  com.rs.mv.mvvs.client.catalog.from.scan.CurrentPathScanner - [client:400205]scan file in current open file directory(C:/wamp64/www/attendance managemnt/chechIn/checkOut/QnA)
2024-06-25 16:22:46.146 [pool-3-thread-1] INFO  com.rs.mv.mvvs.client.catalog.from.scan.CurrentPathScanner - [client:400205]scan file in current open file directory(C:/wamp64/www/attendance managemnt/chechIn/checkOut/QnA)
2024-06-25 16:22:48.681 [pool-3-thread-1] INFO  com.rs.mv.mvvs.client.catalog.from.scan.CurrentPathScanner - [client:400205]scan file in current open file directory(C:/wamp64/www/attendance managemnt/chechIn/checkOut/QnA)
2024-06-25 16:22:49.620 [pool-3-thread-1] INFO  com.rs.mv.mvvs.client.catalog.from.scan.CurrentPathScanner - [client:400205]scan file in current open file directory(C:/wamp64/www/attendance managemnt/chechIn/checkOut/QnA)
2024-06-25 16:27:21.842 [pool-3-thread-1] INFO  com.rs.mv.mvvs.client.catalog.from.scan.CurrentPathScanner - [client:400205]scan file in current open file directory(C:/wamp64/www/attendance managemnt)
2024-06-25 16:27:29.350 [pool-3-thread-1] INFO  com.rs.mv.mvvs.client.catalog.from.scan.CurrentPathScanner - [client:400205]scan file in current open file directory(C:/wamp64/www/attendance managemnt/chechIn/checkOut/QnA)
2024-06-25 16:27:32.512 [pool-3-thread-1] INFO  com.rs.mv.mvvs.client.catalog.from.scan.CurrentPathScanner - [client:400205]scan file in current open file directory(C:/wamp64/www/attendance managemnt)
2024-06-25 16:27:35.524 [pool-3-thread-1] INFO  com.rs.mv.mvvs.client.catalog.from.scan.CurrentPathScanner - [client:400205]scan file in current open file directory(C:/wamp64/www/attendance managemnt/chechIn/checkOut/QnA)
2024-06-25 16:27:41.446 [pool-3-thread-1] INFO  com.rs.mv.mvvs.client.catalog.from.scan.CurrentPathScanner - [client:400205]scan file in current open file directory(C:/wamp64/www/attendance managemnt)
2024-06-25 16:28:18.035 [main] WARN  com.rs.mv.mvvs.Startup - [LSP:100104]ROCKET MV BASIC EXTENSION exited
